2022.04.17, 15:13:41.0318 UTC -> Error : eyJhbGciOiJSUzI1NiIsImtpZCI6ImYxMzM4Y2EyNjgzNTg2M2Y2NzE0MDhmNDE3MzhhN2I0OWU3NDBmYzAiLCJ0eXAiOiJKV1QifQ.eyJpc3MiOiJhY2NvdW50cy5nb29nbGUuY29tIiwiYXpwIjoiMTAxNjAyNjEzMjgzLW1nNGw1djhmMnNzbDExcXB1c2VibDhuMmRuMGhybGlsLmFwcHMuZ29vZ2xldXNlcmNvbnRlbnQuY29tIiwiYXVkIjoiMTAxNjAyNjEzMjgzLW1nNGw1djhmMnNzbDExcXB1c2VibDhuMmRuMGhybGlsLmFwcHMuZ29vZ2xldXNlcmNvbnRlbnQuY29tIiwic3ViIjoiMTAxNDM4NTIxMDI2OTk3OTM5MDQ5IiwiZW1haWwiOiJqa29iYW55QGdtYWlsLmNvbSIsImVtYWlsX3ZlcmlmaWVkIjp0cnVlLCJhdF9oYXNoIjoiWHhmWER2N3ZQMGVuT2NCMnA4V3NsUSIsIm5hbWUiOiLXmdeU15XXoNeq158g15vXldeR15DXoNeZIiwicGljdHVyZSI6Imh0dHBzOi8vbGgzLmdvb2dsZXVzZXJjb250ZW50LmNvbS9hL0FBVFhBSndidU9RVW90c0FCLTJEaFdXWUlDOEJPWE1JY0pWbTYyT2FHNGxOPXM5Ni1jIiwiZ2l2ZW5fbmFtZSI6IteZ15TXldeg16rXnyIsImZhbWlseV9uYW1lIjoi15vXldeR15DXoNeZIiwibG9jYWxlIjoiaGUiLCJpYXQiOjE2NTAyMDg0MjAsImV4cCI6MTY1MDIxMjAyMCwianRpIjoiM2MwMGI3OTIyZGE3MTMyMzYxN2NmMmM5NDg5OGE3NGViMDdjNzFjYyJ9.S5-JFmiRJZ5WOYvZiKfz-Fsnu6h39k3q9u04zNCxWa6Tt23Gtm2Qugc-BDBck4PI0_ZOnkaGLV13qdx1XonYBjTErc7Ep9LRD2At3BcXhm32cSVhec0CowxVofpKimA6gMJCQoc9pDsADtHZJCeHFeM8mcyU_L7hkdGfZ-YstC7O5HDjwv3GCeRXYwJi5BC-pWtaK6HOPlenb1wXaBh_9wcoDzSPMCVprAyRyu5yyjsrKMvK7z-2uXbUZcPqawP7J1GurOwoSKOov2GLkjY186TUZk2LJULVj42v5yVo-EOVeXeH0druN_iBvL4lL-ZmcYb53dClCChMBJYve1XGBA

2022.04.19, 08:55:12.0211 UTC -> Error : Here

2022.04.19, 09:02:16.0772 UTC -> Error : Here

2022.04.19, 09:02:48.0499 UTC -> Error : Here

2022.04.19, 09:03:41.0922 UTC -> Error : Here

2022.04.19, 09:29:57.0785 UTC -> Error : undefined

2022.04.19, 09:30:04.0449 UTC -> Error : {"draw":"http://localhost:3000/830069c8-3360-4267-b70b-f20f6819aed4"}

2022.04.19, 09:40:45.0284 UTC -> Error : [object Object]

2022.04.19, 09:41:18.0921 UTC -> Error : {}

2022.04.19, 09:42:13.0304 UTC -> Error : {}

2022.04.19, 09:42:28.0103 UTC -> Error : [object Object]

2022.04.19, 09:43:53.0141 UTC -> Error : [object Object]

2022.04.19, 09:44:13.0430 UTC -> Error : {}

2022.04.19, 09:53:40.0257 UTC -> Error : {}

2022.04.19, 10:02:42.0724 UTC -> Error : {}

2022.04.19, 10:04:06.0889 UTC -> Error : {}

2022.04.19, 10:18:08.0133 UTC -> Error : {}

2022.04.19, 10:21:52.0961 UTC -> Error : {}

2022.04.19, 10:22:09.0786 UTC -> Error : {}

2022.04.19, 10:22:43.0478 UTC -> Error : {}

